D disk0 100	Create OK
F disk0	2	1	Formatting...
In-Memory Superblock:
  dirty            = no
  fsmagic          = 0xf0f03410
  nblocks          = 100
  startInBmap      = 1
  sizeInBmap       = 1
  startInArea      = 2
  sizeInArea       = 2
  ninodes          = 64
  startDtBmap      = 4
  sizeDtBmap       = 1
  clusterSize      = 1
  startDtArea      = 5
  nclusters        = 95
  mounted          = no
In-Memory Superblock:
  dirty            = no
  fsmagic          = 0xf0f03410
  nblocks          = 100
  startInBmap      = 1
  sizeInBmap       = 1
  startInArea      = 2
  sizeInArea       = 2
  ninodes          = 64
  startDtBmap      = 4
  sizeDtBmap       = 1
  clusterSize      = 1
  startDtArea      = 5
  nclusters        = 95
  mounted          = yes
Printing the inode bytemap ----------
0 0 0 0 0 0 0 0 0 0 0 0 0 0 0 0
0 0 0 0 0 0 0 0 0 0 0 0 0 0 0 0
0 0 0 0 0 0 0 0 0 0 0 0 0 0 0 0
0 0 0 0 0 0 0 0 0 0 0 0 0 0 0 0
Printing the data blocks bytemap ----------
0 0 0 0 0 0 0 0 0 0 0 0 0 0 0 0
0 0 0 0 0 0 0 0 0 0 0 0 0 0 0 0
0 0 0 0 0 0 0 0 0 0 0 0 0 0 0 0
0 0 0 0 0 0 0 0 0 0 0 0 0 0 0 0
0 0 0 0 0 0 0 0 0 0 0 0 0 0 0 0
0 0 0 0 0 0 0 0 0 0 0 0 0 0 0 
ERROR bytemap_set
Printing the inode bytemap ----------
0 0 0 0 0 0 0 0 0 0 0 0 0 0 0 1
0 0 0 0 0 0 0 0 0 0 0 0 0 0 0 1
0 0 0 0 0 0 0 0 0 0 0 0 0 0 0 0
0 0 0 0 0 0 0 0 0 0 0 0 0 0 0 0
Printing the data blocks bytemap ----------
1 0 0 0 0 0 0 0 0 0 0 0 0 0 0 0
0 1 0 0 0 0 0 0 0 0 0 0 0 0 0 0
0 0 1 0 0 0 0 0 0 0 0 0 0 0 0 0
0 0 0 0 0 0 0 0 0 0 0 0 0 0 0 0
0 0 0 0 0 0 0 0 0 0 0 0 0 0 0 0
0 0 0 0 0 0 0 0 0 0 0 0 0 0 0 
ERROR bytemap_set
Printing the inode bytemap ----------
0 0 0 0 0 0 0 0 0 0 0 0 0 0 0 0
0 0 0 0 0 0 0 0 0 0 0 0 0 0 0 0
0 0 0 0 0 0 0 0 0 0 0 0 0 0 0 0
0 0 0 0 0 0 0 0 0 0 0 0 0 0 0 0
Printing the data blocks bytemap ----------
0 0 0 0 0 0 0 0 0 0 0 0 0 0 0 0
0 0 0 0 0 0 0 0 0 0 0 0 0 0 0 0
0 0 0 0 0 0 0 0 0 0 0 0 0 0 0 0
0 0 0 0 0 0 0 0 0 0 0 0 0 0 0 0
0 0 0 0 0 0 0 0 0 0 0 0 0 0 0 0
0 0 0 0 0 0 0 0 0 0 0 0 0 0 0 
Inode: 0
  nlinks/isvalid = 0
  type   = 0
  size   = 0
  Direct ptrs:
    [0]= 0
    [1]= 0
    [2]= 0
    [3]= 0
    [4]= 0
  Indirect ptrs:
    [5]= 0
Inode: 1
  nlinks/isvalid = 0
  type   = 0
  size   = 0
  Direct ptrs:
    [0]= 0
    [1]= 0
    [2]= 0
    [3]= 0
    [4]= 0
  Indirect ptrs:
    [5]= 0
Inode: 2
  nlinks/isvalid = 0
  type   = 0
  size   = 0
  Direct ptrs:
    [0]= 0
    [1]= 0
    [2]= 0
    [3]= 0
    [4]= 0
  Indirect ptrs:
    [5]= 0
Inode: 3
  nlinks/isvalid = 0
  type   = 0
  size   = 0
  Direct ptrs:
    [0]= 0
    [1]= 0
    [2]= 0
    [3]= 0
    [4]= 0
  Indirect ptrs:
    [5]= 0
Inode: 4
  nlinks/isvalid = 0
  type   = 0
  size   = 0
  Direct ptrs:
    [0]= 0
    [1]= 0
    [2]= 0
    [3]= 0
    [4]= 0
  Indirect ptrs:
    [5]= 0
Inode: 5
  nlinks/isvalid = 0
  type   = 0
  size   = 0
  Direct ptrs:
    [0]= 0
    [1]= 0
    [2]= 0
    [3]= 0
    [4]= 0
  Indirect ptrs:
    [5]= 0
Inode: 6
  nlinks/isvalid = 0
  type   = 0
  size   = 0
  Direct ptrs:
    [0]= 0
    [1]= 0
    [2]= 0
    [3]= 0
    [4]= 0
  Indirect ptrs:
    [5]= 0
Inode: 7
  nlinks/isvalid = 0
  type   = 0
  size   = 0
  Direct ptrs:
    [0]= 0
    [1]= 0
    [2]= 0
    [3]= 0
    [4]= 0
  Indirect ptrs:
    [5]= 0
Inode: 8
  nlinks/isvalid = 0
  type   = 0
  size   = 0
  Direct ptrs:
    [0]= 0
    [1]= 0
    [2]= 0
    [3]= 0
    [4]= 0
  Indirect ptrs:
    [5]= 0
Inode: 9
  nlinks/isvalid = 0
  type   = 0
  size   = 0
  Direct ptrs:
    [0]= 0
    [1]= 0
    [2]= 0
    [3]= 0
    [4]= 0
  Indirect ptrs:
    [5]= 0
Inode: 10
  nlinks/isvalid = 0
  type   = 0
  size   = 0
  Direct ptrs:
    [0]= 0
    [1]= 0
    [2]= 0
    [3]= 0
    [4]= 0
  Indirect ptrs:
    [5]= 0
Inode: 11
  nlinks/isvalid = 0
  type   = 0
  size   = 0
  Direct ptrs:
    [0]= 0
    [1]= 0
    [2]= 0
    [3]= 0
    [4]= 0
  Indirect ptrs:
    [5]= 0
Inode: 12
  nlinks/isvalid = 0
  type   = 0
  size   = 0
  Direct ptrs:
    [0]= 0
    [1]= 0
    [2]= 0
    [3]= 0
    [4]= 0
  Indirect ptrs:
    [5]= 0
Inode: 13
  nlinks/isvalid = 0
  type   = 0
  size   = 0
  Direct ptrs:
    [0]= 0
    [1]= 0
    [2]= 0
    [3]= 0
    [4]= 0
  Indirect ptrs:
    [5]= 0
Inode: 14
  nlinks/isvalid = 0
  type   = 0
  size   = 0
  Direct ptrs:
    [0]= 0
    [1]= 0
    [2]= 0
    [3]= 0
    [4]= 0
  Indirect ptrs:
    [5]= 0
Inode: 15
  nlinks/isvalid = 0
  type   = 0
  size   = 0
  Direct ptrs:
    [0]= 0
    [1]= 0
    [2]= 0
    [3]= 0
    [4]= 0
  Indirect ptrs:
    [5]= 0
Inode: 16
  nlinks/isvalid = 0
  type   = 0
  size   = 0
  Direct ptrs:
    [0]= 0
    [1]= 0
    [2]= 0
    [3]= 0
    [4]= 0
  Indirect ptrs:
    [5]= 0
Inode: 17
  nlinks/isvalid = 0
  type   = 0
  size   = 0
  Direct ptrs:
    [0]= 0
    [1]= 0
    [2]= 0
    [3]= 0
    [4]= 0
  Indirect ptrs:
    [5]= 0
Inode: 18
  nlinks/isvalid = 0
  type   = 0
  size   = 0
  Direct ptrs:
    [0]= 0
    [1]= 0
    [2]= 0
    [3]= 0
    [4]= 0
  Indirect ptrs:
    [5]= 0
Inode: 19
  nlinks/isvalid = 0
  type   = 0
  size   = 0
  Direct ptrs:
    [0]= 0
    [1]= 0
    [2]= 0
    [3]= 0
    [4]= 0
  Indirect ptrs:
    [5]= 0
Inode: 20
  nlinks/isvalid = 0
  type   = 0
  size   = 0
  Direct ptrs:
    [0]= 0
    [1]= 0
    [2]= 0
    [3]= 0
    [4]= 0
  Indirect ptrs:
    [5]= 0
Inode: 21
  nlinks/isvalid = 0
  type   = 0
  size   = 0
  Direct ptrs:
    [0]= 0
    [1]= 0
    [2]= 0
    [3]= 0
    [4]= 0
  Indirect ptrs:
    [5]= 0
Inode: 22
  nlinks/isvalid = 0
  type   = 0
  size   = 0
  Direct ptrs:
    [0]= 0
    [1]= 0
    [2]= 0
    [3]= 0
    [4]= 0
  Indirect ptrs:
    [5]= 0
Inode: 23
  nlinks/isvalid = 0
  type   = 0
  size   = 0
  Direct ptrs:
    [0]= 0
    [1]= 0
    [2]= 0
    [3]= 0
    [4]= 0
  Indirect ptrs:
    [5]= 0
Inode: 24
  nlinks/isvalid = 0
  type   = 0
  size   = 0
  Direct ptrs:
    [0]= 0
    [1]= 0
    [2]= 0
    [3]= 0
    [4]= 0
  Indirect ptrs:
    [5]= 0
Inode: 25
  nlinks/isvalid = 0
  type   = 0
  size   = 0
  Direct ptrs:
    [0]= 0
    [1]= 0
    [2]= 0
    [3]= 0
    [4]= 0
  Indirect ptrs:
    [5]= 0
Inode: 26
  nlinks/isvalid = 0
  type   = 0
  size   = 0
  Direct ptrs:
    [0]= 0
    [1]= 0
    [2]= 0
    [3]= 0
    [4]= 0
  Indirect ptrs:
    [5]= 0
Inode: 27
  nlinks/isvalid = 0
  type   = 0
  size   = 0
  Direct ptrs:
    [0]= 0
    [1]= 0
    [2]= 0
    [3]= 0
    [4]= 0
  Indirect ptrs:
    [5]= 0
Inode: 28
  nlinks/isvalid = 0
  type   = 0
  size   = 0
  Direct ptrs:
    [0]= 0
    [1]= 0
    [2]= 0
    [3]= 0
    [4]= 0
  Indirect ptrs:
    [5]= 0
Inode: 29
  nlinks/isvalid = 0
  type   = 0
  size   = 0
  Direct ptrs:
    [0]= 0
    [1]= 0
    [2]= 0
    [3]= 0
    [4]= 0
  Indirect ptrs:
    [5]= 0
Inode: 30
  nlinks/isvalid = 0
  type   = 0
  size   = 0
  Direct ptrs:
    [0]= 0
    [1]= 0
    [2]= 0
    [3]= 0
    [4]= 0
  Indirect ptrs:
    [5]= 0
Inode: 31
  nlinks/isvalid = 0
  type   = 0
  size   = 0
  Direct ptrs:
    [0]= 0
    [1]= 0
    [2]= 0
    [3]= 0
    [4]= 0
  Indirect ptrs:
    [5]= 0
Inode: 32
  nlinks/isvalid = 0
  type   = 0
  size   = 0
  Direct ptrs:
    [0]= 0
    [1]= 0
    [2]= 0
    [3]= 0
    [4]= 0
  Indirect ptrs:
    [5]= 0
Inode: 33
  nlinks/isvalid = 0
  type   = 0
  size   = 0
  Direct ptrs:
    [0]= 0
    [1]= 0
    [2]= 0
    [3]= 0
    [4]= 0
  Indirect ptrs:
    [5]= 0
Inode: 34
  nlinks/isvalid = 0
  type   = 0
  size   = 0
  Direct ptrs:
    [0]= 0
    [1]= 0
    [2]= 0
    [3]= 0
    [4]= 0
  Indirect ptrs:
    [5]= 0
Inode: 35
  nlinks/isvalid = 0
  type   = 0
  size   = 0
  Direct ptrs:
    [0]= 0
    [1]= 0
    [2]= 0
    [3]= 0
    [4]= 0
  Indirect ptrs:
    [5]= 0
Inode: 36
  nlinks/isvalid = 0
  type   = 0
  size   = 0
  Direct ptrs:
    [0]= 0
    [1]= 0
    [2]= 0
    [3]= 0
    [4]= 0
  Indirect ptrs:
    [5]= 0
Inode: 37
  nlinks/isvalid = 0
  type   = 0
  size   = 0
  Direct ptrs:
    [0]= 0
    [1]= 0
    [2]= 0
    [3]= 0
    [4]= 0
  Indirect ptrs:
    [5]= 0
Inode: 38
  nlinks/isvalid = 0
  type   = 0
  size   = 0
  Direct ptrs:
    [0]= 0
    [1]= 0
    [2]= 0
    [3]= 0
    [4]= 0
  Indirect ptrs:
    [5]= 0
Inode: 39
  nlinks/isvalid = 0
  type   = 0
  size   = 0
  Direct ptrs:
    [0]= 0
    [1]= 0
    [2]= 0
    [3]= 0
    [4]= 0
  Indirect ptrs:
    [5]= 0
Inode: 40
  nlinks/isvalid = 0
  type   = 0
  size   = 0
  Direct ptrs:
    [0]= 0
    [1]= 0
    [2]= 0
    [3]= 0
    [4]= 0
  Indirect ptrs:
    [5]= 0
Inode: 41
  nlinks/isvalid = 0
  type   = 0
  size   = 0
  Direct ptrs:
    [0]= 0
    [1]= 0
    [2]= 0
    [3]= 0
    [4]= 0
  Indirect ptrs:
    [5]= 0
Inode: 42
  nlinks/isvalid = 0
  type   = 0
  size   = 0
  Direct ptrs:
    [0]= 0
    [1]= 0
    [2]= 0
    [3]= 0
    [4]= 0
  Indirect ptrs:
    [5]= 0
Inode: 43
  nlinks/isvalid = 0
  type   = 0
  size   = 0
  Direct ptrs:
    [0]= 0
    [1]= 0
    [2]= 0
    [3]= 0
    [4]= 0
  Indirect ptrs:
    [5]= 0
Inode: 44
  nlinks/isvalid = 0
  type   = 0
  size   = 0
  Direct ptrs:
    [0]= 0
    [1]= 0
    [2]= 0
    [3]= 0
    [4]= 0
  Indirect ptrs:
    [5]= 0
Inode: 45
  nlinks/isvalid = 0
  type   = 0
  size   = 0
  Direct ptrs:
    [0]= 0
    [1]= 0
    [2]= 0
    [3]= 0
    [4]= 0
  Indirect ptrs:
    [5]= 0
Inode: 46
  nlinks/isvalid = 0
  type   = 0
  size   = 0
  Direct ptrs:
    [0]= 0
    [1]= 0
    [2]= 0
    [3]= 0
    [4]= 0
  Indirect ptrs:
    [5]= 0
Inode: 47
  nlinks/isvalid = 0
  type   = 0
  size   = 0
  Direct ptrs:
    [0]= 0
    [1]= 0
    [2]= 0
    [3]= 0
    [4]= 0
  Indirect ptrs:
    [5]= 0
Inode: 48
  nlinks/isvalid = 0
  type   = 0
  size   = 0
  Direct ptrs:
    [0]= 0
    [1]= 0
    [2]= 0
    [3]= 0
    [4]= 0
  Indirect ptrs:
    [5]= 0
Inode: 49
  nlinks/isvalid = 0
  type   = 0
  size   = 0
  Direct ptrs:
    [0]= 0
    [1]= 0
    [2]= 0
    [3]= 0
    [4]= 0
  Indirect ptrs:
    [5]= 0
Inode: 50
  nlinks/isvalid = 0
  type   = 0
  size   = 0
  Direct ptrs:
    [0]= 0
    [1]= 0
    [2]= 0
    [3]= 0
    [4]= 0
  Indirect ptrs:
    [5]= 0
Inode: 51
  nlinks/isvalid = 0
  type   = 0
  size   = 0
  Direct ptrs:
    [0]= 0
    [1]= 0
    [2]= 0
    [3]= 0
    [4]= 0
  Indirect ptrs:
    [5]= 0
Inode: 52
  nlinks/isvalid = 0
  type   = 0
  size   = 0
  Direct ptrs:
    [0]= 0
    [1]= 0
    [2]= 0
    [3]= 0
    [4]= 0
  Indirect ptrs:
    [5]= 0
Inode: 53
  nlinks/isvalid = 0
  type   = 0
  size   = 0
  Direct ptrs:
    [0]= 0
    [1]= 0
    [2]= 0
    [3]= 0
    [4]= 0
  Indirect ptrs:
    [5]= 0
Inode: 54
  nlinks/isvalid = 0
  type   = 0
  size   = 0
  Direct ptrs:
    [0]= 0
    [1]= 0
    [2]= 0
    [3]= 0
    [4]= 0
  Indirect ptrs:
    [5]= 0
Inode: 55
  nlinks/isvalid = 0
  type   = 0
  size   = 0
  Direct ptrs:
    [0]= 0
    [1]= 0
    [2]= 0
    [3]= 0
    [4]= 0
  Indirect ptrs:
    [5]= 0
Inode: 56
  nlinks/isvalid = 0
  type   = 0
  size   = 0
  Direct ptrs:
    [0]= 0
    [1]= 0
    [2]= 0
    [3]= 0
    [4]= 0
  Indirect ptrs:
    [5]= 0
Inode: 57
  nlinks/isvalid = 0
  type   = 0
  size   = 0
  Direct ptrs:
    [0]= 0
    [1]= 0
    [2]= 0
    [3]= 0
    [4]= 0
  Indirect ptrs:
    [5]= 0
Inode: 58
  nlinks/isvalid = 0
  type   = 0
  size   = 0
  Direct ptrs:
    [0]= 0
    [1]= 0
    [2]= 0
    [3]= 0
    [4]= 0
  Indirect ptrs:
    [5]= 0
Inode: 59
  nlinks/isvalid = 0
  type   = 0
  size   = 0
  Direct ptrs:
    [0]= 0
    [1]= 0
    [2]= 0
    [3]= 0
    [4]= 0
  Indirect ptrs:
    [5]= 0
Inode: 60
  nlinks/isvalid = 0
  type   = 0
  size   = 0
  Direct ptrs:
    [0]= 0
    [1]= 0
    [2]= 0
    [3]= 0
    [4]= 0
  Indirect ptrs:
    [5]= 0
Inode: 61
  nlinks/isvalid = 0
  type   = 0
  size   = 0
  Direct ptrs:
    [0]= 0
    [1]= 0
    [2]= 0
    [3]= 0
    [4]= 0
  Indirect ptrs:
    [5]= 0
Inode: 62
  nlinks/isvalid = 0
  type   = 0
  size   = 0
  Direct ptrs:
    [0]= 0
    [1]= 0
    [2]= 0
    [3]= 0
    [4]= 0
  Indirect ptrs:
    [5]= 0
Inode: 63
  nlinks/isvalid = 0
  type   = 0
  size   = 0
  Direct ptrs:
    [0]= 0
    [1]= 0
    [2]= 0
    [3]= 0
    [4]= 0
  Indirect ptrs:
    [5]= 0
Inode: 0
  nlinks/isvalid = 1
  type   = 0
  size   = 0
  Direct ptrs:
    [0]= 0
    [1]= 0
    [2]= 0
    [3]= 0
    [4]= 0
  Indirect ptrs:
    [5]= 0
Inode: 0
  nlinks/isvalid = 1
  type   = 1
  size   = 0
  Direct ptrs:
    [0]= 0
    [1]= 0
    [2]= 0
    [3]= 0
    [4]= 0
  Indirect ptrs:
    [5]= 0
Inode: 0
  nlinks/isvalid = 1
  type   = 1
  size   = 0
  Direct ptrs:
    [0]= 0
    [1]= 0
    [2]= 0
    [3]= 0
    [4]= 0
  Indirect ptrs:
    [5]= 0
Inode: 31
  nlinks/isvalid = 1
  type   = 1
  size   = 0
  Direct ptrs:
    [0]= 0
    [1]= 0
    [2]= 0
    [3]= 0
    [4]= 0
  Indirect ptrs:
    [5]= 0
